actionid: python
msg: envreport
cmdargs: ['/home/trojkat/workspace/clove/.tox/python/bin/python', '-m', 'pip', 'freeze']

attrdict==2.0.0
clove==1.2.9
colorama==0.3.9
coloredlogs==9.0
cytoolz==0.9.0.1
ecdsa==0.13
eth-abi==1.2.0
eth-account==0.1.0a2
eth-hash==0.2.0
eth-keyfile==0.5.1
eth-keys==0.2.0b3
eth-rlp==0.1.0
eth-typing==1.3.0
eth-utils==1.2.2
ethereum==2.3.0
future==0.16.0
hexbytes==0.1.0
humanfriendly==4.16.1
idna==2.6
lru-dict==1.1.6
parsimonious==0.8.0
pbkdf2==1.3
py-ecc==1.4.3
pycryptodome==3.6.6
pyethash==0.1.27
pysha3==1.0.2
python-altcoinlib==0.9.1
PyYAML==3.13
repoze.lru==0.7
requests==2.4.3
rlp==0.6.0
scrypt==0.8.6
six==1.11.0
toolz==0.9.0
web3==4.0.0b11
