actionid: python
msg: installpkg
cmdargs: ['/home/trojkat/workspace/clove/.tox/python/bin/python', '-m', 'pip', 'install', '/home/trojkat/workspace/clove/.tox/dist/clove-1.2.9.zip']

Processing ./.tox/dist/clove-1.2.9.zip
Collecting python-altcoinlib==0.9.1 (from clove==1.2.9)
  Using cached https://files.pythonhosted.org/packages/25/4c/19b2af078d4a3692f44ca72aca779479c6d9277432fb0d278006997014fd/python_altcoinlib-0.9.1-py2.py3-none-any.whl
Collecting colorama==0.3.9 (from clove==1.2.9)
  Using cached https://files.pythonhosted.org/packages/db/c8/7dcf9dbcb22429512708fe3a547f8b6101c0d02137acbd892505aee57adf/colorama-0.3.9-py2.py3-none-any.whl
Collecting coloredlogs==9.0 (from clove==1.2.9)
  Using cached https://files.pythonhosted.org/packages/c6/fe/a602b8b2cacfd99a6d92d0064464ad13baf96c0da7cdac15b6b612834c64/coloredlogs-9.0-py2.py3-none-any.whl
Collecting web3==4.0.0b11 (from clove==1.2.9)
  Using cached https://files.pythonhosted.org/packages/a4/60/a92a30e64b237fdfed88e6f0af2a52a86bacdde9da1fff0d9bcf59024d26/web3-4.0.0b11-py3-none-any.whl
Collecting ecdsa==0.13 (from clove==1.2.9)
  Using cached https://files.pythonhosted.org/packages/63/f4/73669d51825516ce8c43b816c0a6b64cd6eb71d08b99820c00792cb42222/ecdsa-0.13-py2.py3-none-any.whl
Collecting requests==2.4.3 (from clove==1.2.9)
  Using cached https://files.pythonhosted.org/packages/8a/98/bf72c7bd3ecfaf46dc2de3e59dcda6e61766526d3cf5897e9edd599795fc/requests-2.4.3-py2.py3-none-any.whl
Collecting eth-account==0.1.0a2 (from clove==1.2.9)
  Using cached https://files.pythonhosted.org/packages/7d/4e/46fffb1bd4e2da97cc3e11120b465b48f14480b6e1fb6dd8843d1f5912ab/eth_account-0.1.0a2-py3-none-any.whl
Collecting eth-rlp==0.1.0 (from clove==1.2.9)
  Using cached https://files.pythonhosted.org/packages/6f/9f/1daa5cbb1c263e9477738bd4a8d4e96f0468280f5f46c2079e7e8c506052/eth_rlp-0.1.0-py3-none-any.whl
Collecting rlp==0.6.0 (from clove==1.2.9)
Collecting idna==2.6 (from clove==1.2.9)
  Using cached https://files.pythonhosted.org/packages/27/cc/6dd9a3869f15c2edfab863b992838277279ce92663d334df9ecf5106f5c6/idna-2.6-py2.py3-none-any.whl
Collecting ethereum==2.3.0 (from clove==1.2.9)
Collecting humanfriendly>=4.7 (from coloredlogs==9.0->clove==1.2.9)
  Using cached https://files.pythonhosted.org/packages/fb/34/1e80e4a06020f7dfc7eee11387e400435236f992f80eaa6ed9b3d8252211/humanfriendly-4.16.1-py2.py3-none-any.whl
Collecting cytoolz<1.0.0,>=0.9.0 (from web3==4.0.0b11->clove==1.2.9)
Collecting eth-hash[pycryptodome] (from web3==4.0.0b11->clove==1.2.9)
  Using cached https://files.pythonhosted.org/packages/0d/d8/0f0c8d4ccaa4c8d25524fd1ed9f5c6d9551b52b74b973f338de3f0a23111/eth_hash-0.2.0-py3-none-any.whl
Collecting eth-utils<2.0.0,>=1.0.0b1 (from web3==4.0.0b11->clove==1.2.9)
  Using cached https://files.pythonhosted.org/packages/97/35/6e41ccfecfdd422bb386f186c7288a3176af29d380419645723f5f0b534f/eth_utils-1.2.2-py3-none-any.whl
Collecting hexbytes<1.0.0,>=0.1.0b1 (from web3==4.0.0b11->clove==1.2.9)
  Using cached https://files.pythonhosted.org/packages/18/bd/21697d93ee2153c8c12253262b740f571e94341d4cee411504032fff3f56/hexbytes-0.1.0-py3-none-any.whl
Collecting lru-dict<2.0.0,>=1.1.6 (from web3==4.0.0b11->clove==1.2.9)
Collecting eth-abi<2,>=1.0.0-beta.1 (from web3==4.0.0b11->clove==1.2.9)
  Using cached https://files.pythonhosted.org/packages/3d/4e/66d711f39c892c295cd61d2a241d26e4fa253e483382bdb34e39ea4c4d96/eth_abi-1.2.0-py3-none-any.whl
Collecting eth-keyfile<0.6.0,>=0.5.0 (from eth-account==0.1.0a2->clove==1.2.9)
  Using cached https://files.pythonhosted.org/packages/eb/a5/3615d100b62fbf20fe5d5c0d1d4d7326eac861d260b0cd2a36af2bf8ccb1/eth_keyfile-0.5.1-py3-none-any.whl
Collecting eth-keys<0.3.0,>=0.2.0b1 (from eth-account==0.1.0a2->clove==1.2.9)
  Using cached https://files.pythonhosted.org/packages/9b/96/bec507291a2ecac65358b4485282ce02e8c0cdd30980a232791b355a1f5b/eth_keys-0.2.0b3-py3-none-any.whl
Collecting attrdict<3,>=2.0.0 (from eth-account==0.1.0a2->clove==1.2.9)
Collecting repoze.lru (from ethereum==2.3.0->clove==1.2.9)
  Using cached https://files.pythonhosted.org/packages/b0/30/6cc0c95f0b59ad4b3b9163bff7cdcf793cc96fac64cf398ff26271f5cf5e/repoze.lru-0.7-py3-none-any.whl
Collecting py-ecc (from ethereum==2.3.0->clove==1.2.9)
Collecting pyethash (from ethereum==2.3.0->clove==1.2.9)
Collecting scrypt (from ethereum==2.3.0->clove==1.2.9)
Collecting pysha3>=1.0.1 (from ethereum==2.3.0->clove==1.2.9)
  Using cached https://files.pythonhosted.org/packages/32/2a/b93e0c6d90c7c45e2fab35d7ef349e8c5bd7387a048e961b041fd9521556/pysha3-1.0.2-cp36-cp36m-manylinux1_x86_64.whl
Collecting pbkdf2 (from ethereum==2.3.0->clove==1.2.9)
Collecting pycryptodome>=3.4.7 (from ethereum==2.3.0->clove==1.2.9)
  Using cached https://files.pythonhosted.org/packages/40/83/f195ab14348cc957d5cc6ae195918b1ce012ce2df4f4b9a52e260a8e3ed0/pycryptodome-3.6.6-cp36-cp36m-manylinux1_x86_64.whl
Collecting future (from ethereum==2.3.0->clove==1.2.9)
Collecting PyYAML (from ethereum==2.3.0->clove==1.2.9)
Collecting toolz>=0.8.0 (from cytoolz<1.0.0,>=0.9.0->web3==4.0.0b11->clove==1.2.9)
Collecting eth-typing<2.0.0,>=1.3.0 (from eth-utils<2.0.0,>=1.0.0b1->web3==4.0.0b11->clove==1.2.9)
  Using cached https://files.pythonhosted.org/packages/5f/cb/e941031a77d19eef05f8bcdd40f6d8a3b55b7fa45aa7100206d64216c29b/eth_typing-1.3.0-py3-none-any.whl
Collecting parsimonious==0.8.0 (from eth-abi<2,>=1.0.0-beta.1->web3==4.0.0b11->clove==1.2.9)
Collecting six (from attrdict<3,>=2.0.0->eth-account==0.1.0a2->clove==1.2.9)
  Using cached https://files.pythonhosted.org/packages/67/4b/141a581104b1f6397bfa78ac9d43d8ad29a7ca43ea90a2d863fe3056e86a/six-1.11.0-py2.py3-none-any.whl
Building wheels for collected packages: clove
  Running setup.py bdist_wheel for clove: started
  Running setup.py bdist_wheel for clove: finished with status 'done'
  Stored in directory: /home/trojkat/.cache/pip/wheels/83/60/bd/eca9abd8f2d9cb4ece507a6ef762883205967f67d8422805ef
Successfully built clove
web3 4.0.0b11 has requirement requests<3.0.0,>=2.16.0, but you'll have requests 2.4.3 which is incompatible.
Installing collected packages: python-altcoinlib, colorama, humanfriendly, coloredlogs, requests, toolz, cytoolz, pycryptodome, eth-hash, eth-typing, eth-utils, hexbytes, lru-dict, eth-keys, eth-keyfile, rlp, eth-rlp, six, attrdict, eth-account, parsimonious, eth-abi, web3, ecdsa, idna, repoze.lru, py-ecc, pyethash, scrypt, pysha3, pbkdf2, future, PyYAML, ethereum, clove
  Found existing installation: clove 1.2.9
    Not uninstalling clove at /home/trojkat/workspace/clove, outside environment /home/trojkat/workspace/clove/.tox/python
    Can't uninstall 'clove'. No files were found to uninstall.
Successfully installed PyYAML-3.13 attrdict-2.0.0 clove-1.2.9 colorama-0.3.9 coloredlogs-9.0 cytoolz-0.9.0.1 ecdsa-0.13 eth-abi-1.2.0 eth-account-0.1.0a2 eth-hash-0.2.0 eth-keyfile-0.5.1 eth-keys-0.2.0b3 eth-rlp-0.1.0 eth-typing-1.3.0 eth-utils-1.2.2 ethereum-2.3.0 future-0.16.0 hexbytes-0.1.0 humanfriendly-4.16.1 idna-2.6 lru-dict-1.1.6 parsimonious-0.8.0 pbkdf2-1.3 py-ecc-1.4.3 pycryptodome-3.6.6 pyethash-0.1.27 pysha3-1.0.2 python-altcoinlib-0.9.1 repoze.lru-0.7 requests-2.4.3 rlp-0.6.0 scrypt-0.8.6 six-1.11.0 toolz-0.9.0 web3-4.0.0b11
