actionid: tox
msg: packaging
cmdargs: ['/home/trojkat/venvs/clove/bin/python', local('/home/trojkat/workspace/clove/setup.py'), 'sdist', '--formats=zip', '--dist-dir', local('/home/trojkat/workspace/clove/.tox/dist')]

running sdist
running egg_info
writing clove.egg-info/PKG-INFO
writing dependency_links to clove.egg-info/dependency_links.txt
writing requirements to clove.egg-info/requires.txt
writing top-level names to clove.egg-info/top_level.txt
reading manifest file 'clove.egg-info/SOURCES.txt'
reading manifest template 'MANIFEST.in'
/usr/lib64/python3.6/distutils/dist.py:261: UserWarning: Unknown distribution option: 'long_description_content_type'
  warnings.warn(msg)
warning: no files found matching 'requirements.txt'
writing manifest file 'clove.egg-info/SOURCES.txt'
running check
creating clove-1.2.9
creating clove-1.2.9/bin
creating clove-1.2.9/clove
creating clove-1.2.9/clove.egg-info
creating clove-1.2.9/clove/block_explorer
creating clove-1.2.9/clove/network
creating clove-1.2.9/clove/network/bitcoin
creating clove-1.2.9/clove/network/bitcoin_based
creating clove-1.2.9/clove/network/ethereum
creating clove-1.2.9/clove/network/ethereum_based
creating clove-1.2.9/clove/utils
copying files to clove-1.2.9...
copying MANIFEST.in -> clove-1.2.9
copying README.md -> clove-1.2.9
copying setup.cfg -> clove-1.2.9
copying setup.py -> clove-1.2.9
copying bin/__init__.py -> clove-1.2.9/bin
copying bin/generate-ethereum-networks.py -> clove-1.2.9/bin
copying bin/generate-network-init.py -> clove-1.2.9/bin
copying bin/script_utils.py -> clove-1.2.9/bin
copying bin/search_checklocktimeverify.py -> clove-1.2.9/bin
copying bin/set_bitcoin_related_network_params.py -> clove-1.2.9/bin
copying bin/test-audit-contract.py -> clove-1.2.9/bin
copying bin/test-extract-secret.py -> clove-1.2.9/bin
copying bin/test-initial-transaction.py -> clove-1.2.9/bin
copying bin/test-networks.py -> clove-1.2.9/bin
copying bin/test-participate-transaction.py -> clove-1.2.9/bin
copying bin/test-redeem-transaction.py -> clove-1.2.9/bin
copying bin/test-refund-transaction.py -> clove-1.2.9/bin
copying clove/__init__.py -> clove-1.2.9/clove
copying clove/constants.py -> clove-1.2.9/clove
copying clove/exceptions.py -> clove-1.2.9/clove
copying clove.egg-info/PKG-INFO -> clove-1.2.9/clove.egg-info
copying clove.egg-info/SOURCES.txt -> clove-1.2.9/clove.egg-info
copying clove.egg-info/dependency_links.txt -> clove-1.2.9/clove.egg-info
copying clove.egg-info/requires.txt -> clove-1.2.9/clove.egg-info
copying clove.egg-info/top_level.txt -> clove-1.2.9/clove.egg-info
copying clove/block_explorer/__init__.py -> clove-1.2.9/clove/block_explorer
copying clove/block_explorer/base.py -> clove-1.2.9/clove/block_explorer
copying clove/block_explorer/blockcypher.py -> clove-1.2.9/clove/block_explorer
copying clove/block_explorer/cryptoid.py -> clove-1.2.9/clove/block_explorer
copying clove/block_explorer/etherscan.py -> clove-1.2.9/clove/block_explorer
copying clove/block_explorer/insight.py -> clove-1.2.9/clove/block_explorer
copying clove/network/__init__.py -> clove-1.2.9/clove/network
copying clove/network/base.py -> clove-1.2.9/clove/network
copying clove/network/bitcoin/__init__.py -> clove-1.2.9/clove/network/bitcoin
copying clove/network/bitcoin/base.py -> clove-1.2.9/clove/network/bitcoin
copying clove/network/bitcoin/contract.py -> clove-1.2.9/clove/network/bitcoin
copying clove/network/bitcoin/transaction.py -> clove-1.2.9/clove/network/bitcoin
copying clove/network/bitcoin/utxo.py -> clove-1.2.9/clove/network/bitcoin
copying clove/network/bitcoin/wallet.py -> clove-1.2.9/clove/network/bitcoin
copying clove/network/bitcoin_based/__init__.py -> clove-1.2.9/clove/network/bitcoin_based
copying clove/network/bitcoin_based/aquariuscoin.py -> clove-1.2.9/clove/network/bitcoin_based
copying clove/network/bitcoin_based/audiocoin.py -> clove-1.2.9/clove/network/bitcoin_based
copying clove/network/bitcoin_based/bata.py -> clove-1.2.9/clove/network/bitcoin_based
copying clove/network/bitcoin_based/bitcoin_cash.py -> clove-1.2.9/clove/network/bitcoin_based
copying clove/network/bitcoin_based/bitcoin_gold.py -> clove-1.2.9/clove/network/bitcoin_based
copying clove/network/bitcoin_based/bitcore.py -> clove-1.2.9/clove/network/bitcoin_based
copying clove/network/bitcoin_based/bitmark.py -> clove-1.2.9/clove/network/bitcoin_based
copying clove/network/bitcoin_based/bitsend.py -> clove-1.2.9/clove/network/bitcoin_based
copying clove/network/bitcoin_based/blackcoin.py -> clove-1.2.9/clove/network/bitcoin_based
copying clove/network/bitcoin_based/blocknet.py -> clove-1.2.9/clove/network/bitcoin_based
copying clove/network/bitcoin_based/creativecoin.py -> clove-1.2.9/clove/network/bitcoin_based
copying clove/network/bitcoin_based/dash.py -> clove-1.2.9/clove/network/bitcoin_based
copying clove/network/bitcoin_based/digibyte.py -> clove-1.2.9/clove/network/bitcoin_based
copying clove/network/bitcoin_based/dopecoin.py -> clove-1.2.9/clove/network/bitcoin_based
copying clove/network/bitcoin_based/egulden.py -> clove-1.2.9/clove/network/bitcoin_based
copying clove/network/bitcoin_based/eternity.py -> clove-1.2.9/clove/network/bitcoin_based
copying clove/network/bitcoin_based/europecoin.py -> clove-1.2.9/clove/network/bitcoin_based
copying clove/network/bitcoin_based/goldcoin.py -> clove-1.2.9/clove/network/bitcoin_based
copying clove/network/bitcoin_based/greencoin.py -> clove-1.2.9/clove/network/bitcoin_based
copying clove/network/bitcoin_based/guncoin.py -> clove-1.2.9/clove/network/bitcoin_based
copying clove/network/bitcoin_based/i0coin.py -> clove-1.2.9/clove/network/bitcoin_based
copying clove/network/bitcoin_based/ivc_coin.py -> clove-1.2.9/clove/network/bitcoin_based
copying clove/network/bitcoin_based/joulecoin.py -> clove-1.2.9/clove/network/bitcoin_based
copying clove/network/bitcoin_based/komodo.py -> clove-1.2.9/clove/network/bitcoin_based
copying clove/network/bitcoin_based/lanacoin.py -> clove-1.2.9/clove/network/bitcoin_based
copying clove/network/bitcoin_based/litecoin.py -> clove-1.2.9/clove/network/bitcoin_based
copying clove/network/bitcoin_based/machinecoin.py -> clove-1.2.9/clove/network/bitcoin_based
copying clove/network/bitcoin_based/monacoin.py -> clove-1.2.9/clove/network/bitcoin_based
copying clove/network/bitcoin_based/monetaryunit.py -> clove-1.2.9/clove/network/bitcoin_based
copying clove/network/bitcoin_based/mooncoin.py -> clove-1.2.9/clove/network/bitcoin_based
copying clove/network/bitcoin_based/myriad.py -> clove-1.2.9/clove/network/bitcoin_based
copying clove/network/bitcoin_based/navcoin.py -> clove-1.2.9/clove/network/bitcoin_based
copying clove/network/bitcoin_based/netko.py -> clove-1.2.9/clove/network/bitcoin_based
copying clove/network/bitcoin_based/nevacoin.py -> clove-1.2.9/clove/network/bitcoin_based
copying clove/network/bitcoin_based/particl.py -> clove-1.2.9/clove/network/bitcoin_based
copying clove/network/bitcoin_based/peercoin.py -> clove-1.2.9/clove/network/bitcoin_based
copying clove/network/bitcoin_based/pura.py -> clove-1.2.9/clove/network/bitcoin_based
copying clove/network/bitcoin_based/quark.py -> clove-1.2.9/clove/network/bitcoin_based
copying clove/network/bitcoin_based/ravencoin.py -> clove-1.2.9/clove/network/bitcoin_based
copying clove/network/bitcoin_based/rubycoin.py -> clove-1.2.9/clove/network/bitcoin_based
copying clove/network/bitcoin_based/sexcoin.py -> clove-1.2.9/clove/network/bitcoin_based
copying clove/network/bitcoin_based/skeincoin.py -> clove-1.2.9/clove/network/bitcoin_based
copying clove/network/bitcoin_based/solarcoin.py -> clove-1.2.9/clove/network/bitcoin_based
copying clove/network/bitcoin_based/swagbucks.py -> clove-1.2.9/clove/network/bitcoin_based
copying clove/network/bitcoin_based/syscoin.py -> clove-1.2.9/clove/network/bitcoin_based
copying clove/network/bitcoin_based/tajcoin.py -> clove-1.2.9/clove/network/bitcoin_based
copying clove/network/bitcoin_based/tao.py -> clove-1.2.9/clove/network/bitcoin_based
copying clove/network/bitcoin_based/vertcoin.py -> clove-1.2.9/clove/network/bitcoin_based
copying clove/network/bitcoin_based/viacoin.py -> clove-1.2.9/clove/network/bitcoin_based
copying clove/network/bitcoin_based/visio.py -> clove-1.2.9/clove/network/bitcoin_based
copying clove/network/bitcoin_based/vivo.py -> clove-1.2.9/clove/network/bitcoin_based
copying clove/network/bitcoin_based/zcoin.py -> clove-1.2.9/clove/network/bitcoin_based
copying clove/network/bitcoin_based/zetacoin.py -> clove-1.2.9/clove/network/bitcoin_based
copying clove/network/bitcoin_based/zoin.py -> clove-1.2.9/clove/network/bitcoin_based
copying clove/network/ethereum/__init__.py -> clove-1.2.9/clove/network/ethereum
copying clove/network/ethereum/base.py -> clove-1.2.9/clove/network/ethereum
copying clove/network/ethereum/contract.py -> clove-1.2.9/clove/network/ethereum
copying clove/network/ethereum/token.py -> clove-1.2.9/clove/network/ethereum
copying clove/network/ethereum/transaction.py -> clove-1.2.9/clove/network/ethereum
copying clove/network/ethereum/wallet.py -> clove-1.2.9/clove/network/ethereum
copying clove/network/ethereum_based/__init__.py -> clove-1.2.9/clove/network/ethereum_based
copying clove/network/ethereum_based/ellaism.py -> clove-1.2.9/clove/network/ethereum_based
copying clove/network/ethereum_based/ether_gem.py -> clove-1.2.9/clove/network/ethereum_based
copying clove/network/ethereum_based/ethereum_classic.py -> clove-1.2.9/clove/network/ethereum_based
copying clove/network/ethereum_based/expanse.py -> clove-1.2.9/clove/network/ethereum_based
copying clove/network/ethereum_based/kovan_tokens.py -> clove-1.2.9/clove/network/ethereum_based
copying clove/network/ethereum_based/mainnet_tokens.py -> clove-1.2.9/clove/network/ethereum_based
copying clove/network/ethereum_based/musicoin.py -> clove-1.2.9/clove/network/ethereum_based
copying clove/utils/__init__.py -> clove-1.2.9/clove/utils
copying clove/utils/bitcoin.py -> clove-1.2.9/clove/utils
copying clove/utils/external_source.py -> clove-1.2.9/clove/utils
copying clove/utils/hashing.py -> clove-1.2.9/clove/utils
copying clove/utils/logging.py -> clove-1.2.9/clove/utils
copying clove/utils/network.py -> clove-1.2.9/clove/utils
copying clove/utils/search.py -> clove-1.2.9/clove/utils
Writing clove-1.2.9/setup.cfg
creating '.tox/dist/clove-1.2.9.zip' and adding 'clove-1.2.9' to it
adding 'clove-1.2.9/PKG-INFO'
adding 'clove-1.2.9/setup.cfg'
adding 'clove-1.2.9/README.md'
adding 'clove-1.2.9/MANIFEST.in'
adding 'clove-1.2.9/setup.py'
adding 'clove-1.2.9/bin/test-audit-contract.py'
adding 'clove-1.2.9/bin/generate-ethereum-networks.py'
adding 'clove-1.2.9/bin/test-participate-transaction.py'
adding 'clove-1.2.9/bin/test-initial-transaction.py'
adding 'clove-1.2.9/bin/test-networks.py'
adding 'clove-1.2.9/bin/generate-network-init.py'
adding 'clove-1.2.9/bin/script_utils.py'
adding 'clove-1.2.9/bin/test-extract-secret.py'
adding 'clove-1.2.9/bin/test-redeem-transaction.py'
adding 'clove-1.2.9/bin/__init__.py'
adding 'clove-1.2.9/bin/test-refund-transaction.py'
adding 'clove-1.2.9/bin/set_bitcoin_related_network_params.py'
adding 'clove-1.2.9/bin/search_checklocktimeverify.py'
adding 'clove-1.2.9/clove.egg-info/top_level.txt'
adding 'clove-1.2.9/clove.egg-info/PKG-INFO'
adding 'clove-1.2.9/clove.egg-info/SOURCES.txt'
adding 'clove-1.2.9/clove.egg-info/dependency_links.txt'
adding 'clove-1.2.9/clove.egg-info/requires.txt'
adding 'clove-1.2.9/clove/exceptions.py'
adding 'clove-1.2.9/clove/constants.py'
adding 'clove-1.2.9/clove/__init__.py'
adding 'clove-1.2.9/clove/utils/external_source.py'
adding 'clove-1.2.9/clove/utils/search.py'
adding 'clove-1.2.9/clove/utils/bitcoin.py'
adding 'clove-1.2.9/clove/utils/__init__.py'
adding 'clove-1.2.9/clove/utils/logging.py'
adding 'clove-1.2.9/clove/utils/network.py'
adding 'clove-1.2.9/clove/utils/hashing.py'
adding 'clove-1.2.9/clove/block_explorer/etherscan.py'
adding 'clove-1.2.9/clove/block_explorer/base.py'
adding 'clove-1.2.9/clove/block_explorer/__init__.py'
adding 'clove-1.2.9/clove/block_explorer/cryptoid.py'
adding 'clove-1.2.9/clove/block_explorer/blockcypher.py'
adding 'clove-1.2.9/clove/block_explorer/insight.py'
adding 'clove-1.2.9/clove/network/base.py'
adding 'clove-1.2.9/clove/network/__init__.py'
adding 'clove-1.2.9/clove/network/ethereum/token.py'
adding 'clove-1.2.9/clove/network/ethereum/wallet.py'
adding 'clove-1.2.9/clove/network/ethereum/contract.py'
adding 'clove-1.2.9/clove/network/ethereum/base.py'
adding 'clove-1.2.9/clove/network/ethereum/__init__.py'
adding 'clove-1.2.9/clove/network/ethereum/transaction.py'
adding 'clove-1.2.9/clove/network/bitcoin/wallet.py'
adding 'clove-1.2.9/clove/network/bitcoin/contract.py'
adding 'clove-1.2.9/clove/network/bitcoin/base.py'
adding 'clove-1.2.9/clove/network/bitcoin/__init__.py'
adding 'clove-1.2.9/clove/network/bitcoin/transaction.py'
adding 'clove-1.2.9/clove/network/bitcoin/utxo.py'
adding 'clove-1.2.9/clove/network/ethereum_based/kovan_tokens.py'
adding 'clove-1.2.9/clove/network/ethereum_based/expanse.py'
adding 'clove-1.2.9/clove/network/ethereum_based/musicoin.py'
adding 'clove-1.2.9/clove/network/ethereum_based/ethereum_classic.py'
adding 'clove-1.2.9/clove/network/ethereum_based/ellaism.py'
adding 'clove-1.2.9/clove/network/ethereum_based/__init__.py'
adding 'clove-1.2.9/clove/network/ethereum_based/mainnet_tokens.py'
adding 'clove-1.2.9/clove/network/ethereum_based/ether_gem.py'
adding 'clove-1.2.9/clove/network/bitcoin_based/visio.py'
adding 'clove-1.2.9/clove/network/bitcoin_based/bitmark.py'
adding 'clove-1.2.9/clove/network/bitcoin_based/solarcoin.py'
adding 'clove-1.2.9/clove/network/bitcoin_based/creativecoin.py'
adding 'clove-1.2.9/clove/network/bitcoin_based/bitsend.py'
adding 'clove-1.2.9/clove/network/bitcoin_based/peercoin.py'
adding 'clove-1.2.9/clove/network/bitcoin_based/bitcoin_gold.py'
adding 'clove-1.2.9/clove/network/bitcoin_based/blackcoin.py'
adding 'clove-1.2.9/clove/network/bitcoin_based/digibyte.py'
adding 'clove-1.2.9/clove/network/bitcoin_based/myriad.py'
adding 'clove-1.2.9/clove/network/bitcoin_based/litecoin.py'
adding 'clove-1.2.9/clove/network/bitcoin_based/zetacoin.py'
adding 'clove-1.2.9/clove/network/bitcoin_based/eternity.py'
adding 'clove-1.2.9/clove/network/bitcoin_based/monacoin.py'
adding 'clove-1.2.9/clove/network/bitcoin_based/navcoin.py'
adding 'clove-1.2.9/clove/network/bitcoin_based/mooncoin.py'
adding 'clove-1.2.9/clove/network/bitcoin_based/sexcoin.py'
adding 'clove-1.2.9/clove/network/bitcoin_based/dopecoin.py'
adding 'clove-1.2.9/clove/network/bitcoin_based/skeincoin.py'
adding 'clove-1.2.9/clove/network/bitcoin_based/swagbucks.py'
adding 'clove-1.2.9/clove/network/bitcoin_based/aquariuscoin.py'
adding 'clove-1.2.9/clove/network/bitcoin_based/nevacoin.py'
adding 'clove-1.2.9/clove/network/bitcoin_based/blocknet.py'
adding 'clove-1.2.9/clove/network/bitcoin_based/tajcoin.py'
adding 'clove-1.2.9/clove/network/bitcoin_based/machinecoin.py'
adding 'clove-1.2.9/clove/network/bitcoin_based/zoin.py'
adding 'clove-1.2.9/clove/network/bitcoin_based/vertcoin.py'
adding 'clove-1.2.9/clove/network/bitcoin_based/vivo.py'
adding 'clove-1.2.9/clove/network/bitcoin_based/viacoin.py'
adding 'clove-1.2.9/clove/network/bitcoin_based/__init__.py'
adding 'clove-1.2.9/clove/network/bitcoin_based/komodo.py'
adding 'clove-1.2.9/clove/network/bitcoin_based/bitcoin_cash.py'
adding 'clove-1.2.9/clove/network/bitcoin_based/pura.py'
adding 'clove-1.2.9/clove/network/bitcoin_based/monetaryunit.py'
adding 'clove-1.2.9/clove/network/bitcoin_based/bata.py'
adding 'clove-1.2.9/clove/network/bitcoin_based/joulecoin.py'
adding 'clove-1.2.9/clove/network/bitcoin_based/europecoin.py'
adding 'clove-1.2.9/clove/network/bitcoin_based/rubycoin.py'
adding 'clove-1.2.9/clove/network/bitcoin_based/goldcoin.py'
adding 'clove-1.2.9/clove/network/bitcoin_based/tao.py'
adding 'clove-1.2.9/clove/network/bitcoin_based/audiocoin.py'
adding 'clove-1.2.9/clove/network/bitcoin_based/ivc_coin.py'
adding 'clove-1.2.9/clove/network/bitcoin_based/syscoin.py'
adding 'clove-1.2.9/clove/network/bitcoin_based/lanacoin.py'
adding 'clove-1.2.9/clove/network/bitcoin_based/zcoin.py'
adding 'clove-1.2.9/clove/network/bitcoin_based/greencoin.py'
adding 'clove-1.2.9/clove/network/bitcoin_based/bitcore.py'
adding 'clove-1.2.9/clove/network/bitcoin_based/netko.py'
adding 'clove-1.2.9/clove/network/bitcoin_based/quark.py'
adding 'clove-1.2.9/clove/network/bitcoin_based/guncoin.py'
adding 'clove-1.2.9/clove/network/bitcoin_based/dash.py'
adding 'clove-1.2.9/clove/network/bitcoin_based/ravencoin.py'
adding 'clove-1.2.9/clove/network/bitcoin_based/egulden.py'
adding 'clove-1.2.9/clove/network/bitcoin_based/particl.py'
adding 'clove-1.2.9/clove/network/bitcoin_based/i0coin.py'
removing 'clove-1.2.9' (and everything under it)
